<?xml version="1.0" encoding="UTF-8"?>
<testng-results skipped="0" failed="1" total="6" passed="5">
  <reporter-output>
  </reporter-output>
  <suite name="Suite1" duration-ms="199990" started-at="2014-09-24T10:12:06Z" finished-at="2014-09-24T10:15:26Z">
    <groups>
    </groups>
    <test name="tests" duration-ms="135014" started-at="2014-09-24T10:12:06Z" finished-at="2014-09-24T10:14:21Z">
      <class name="test.footer">
        <test-method status="PASS" signature="f()[pri:0, instance:test.footer@3bed68]" name="f" duration-ms="132020" started-at="2014-09-24T15:42:06Z" finished-at="2014-09-24T15:44:18Z">
          <reporter-output>
          </reporter-output>
        </test-method> <!-- f -->
        <test-method status="PASS" signature="tear()[pri:0, instance:test.footer@3bed68]" name="tear" is-config="true" duration-ms="2983" started-at="2014-09-24T15:44:18Z" finished-at="2014-09-24T15:44:21Z">
          <reporter-output>
          </reporter-output>
        </test-method> <!-- tear -->
      </class> <!-- test.footer -->
    </test> <!-- tests -->
    <test name="tests1" duration-ms="19442" started-at="2014-09-24T10:14:21Z" finished-at="2014-09-24T10:14:40Z">
      <class name="test.giftcards">
        <test-method status="FAIL" signature="f()[pri:0, instance:test.giftcards@1776d65]" name="f" duration-ms="16816" started-at="2014-09-24T15:44:21Z" finished-at="2014-09-24T15:44:37Z">
          <exception class="java.lang.AssertionError">
            <message>
              <![CDATA[Test failed because XPATH might have changed. No other key words found to use]]>
            </message>
            <full-stacktrace>
              <![CDATA[java.lang.AssertionError: Test failed because XPATH might have changed. No other key words found to use
	at org.testng.Assert.fail(Assert.java:94)
	at test.giftcards.f(giftcards.java:32)
	at sun.reflect.NativeMethodAccessorImpl.invoke0(Native Method)
	at sun.reflect.NativeMethodAccessorImpl.invoke(NativeMethodAccessorImpl.java:57)
	at sun.reflect.DelegatingMethodAccessorImpl.invoke(DelegatingMethodAccessorImpl.java:43)
	at java.lang.reflect.Method.invoke(Method.java:606)
	at org.testng.internal.MethodInvocationHelper.invokeMethod(MethodInvocationHelper.java:84)
	at org.testng.internal.Invoker.invokeMethod(Invoker.java:714)
	at org.testng.internal.Invoker.invokeTestMethod(Invoker.java:901)
	at org.testng.internal.Invoker.invokeTestMethods(Invoker.java:1231)
	at org.testng.internal.TestMethodWorker.invokeTestMethods(TestMethodWorker.java:127)
	at org.testng.internal.TestMethodWorker.run(TestMethodWorker.java:111)
	at org.testng.TestRunner.privateRun(TestRunner.java:767)
	at org.testng.TestRunner.run(TestRunner.java:617)
	at org.testng.SuiteRunner.runTest(SuiteRunner.java:334)
	at org.testng.SuiteRunner.runSequentially(SuiteRunner.java:329)
	at org.testng.SuiteRunner.privateRun(SuiteRunner.java:291)
	at org.testng.SuiteRunner.run(SuiteRunner.java:240)
	at org.testng.SuiteRunnerWorker.runSuite(SuiteRunnerWorker.java:52)
	at org.testng.SuiteRunnerWorker.run(SuiteRunnerWorker.java:86)
	at org.testng.TestNG.runSuitesSequentially(TestNG.java:1224)
	at org.testng.TestNG.runSuitesLocally(TestNG.java:1149)
	at org.testng.TestNG.run(TestNG.java:1057)
	at org.testng.TestNG.privateMain(TestNG.java:1364)
	at org.testng.TestNG.main(TestNG.java:1333)
]]>
            </full-stacktrace>
          </exception> <!-- java.lang.AssertionError -->
          <reporter-output>
          </reporter-output>
        </test-method> <!-- f -->
        <test-method status="PASS" signature="tear()[pri:0, instance:test.giftcards@1776d65]" name="tear" is-config="true" duration-ms="2626" started-at="2014-09-24T15:44:37Z" finished-at="2014-09-24T15:44:40Z">
          <reporter-output>
          </reporter-output>
        </test-method> <!-- tear -->
      </class> <!-- test.giftcards -->
    </test> <!-- tests1 -->
    <test name="tests3" duration-ms="11397" started-at="2014-09-24T10:14:40Z" finished-at="2014-09-24T10:14:51Z">
      <class name="test.NewTest">
        <test-method status="PASS" signature="f()[pri:0, instance:test.NewTest@8ee5c0]" name="f" duration-ms="8595" started-at="2014-09-24T15:44:40Z" finished-at="2014-09-24T15:44:49Z">
          <reporter-output>
          </reporter-output>
        </test-method> <!-- f -->
        <test-method status="PASS" signature="tear()[pri:0, instance:test.NewTest@8ee5c0]" name="tear" is-config="true" duration-ms="2802" started-at="2014-09-24T15:44:49Z" finished-at="2014-09-24T15:44:51Z">
          <reporter-output>
          </reporter-output>
        </test-method> <!-- tear -->
      </class> <!-- test.NewTest -->
    </test> <!-- tests3 -->
    <test name="tests4" duration-ms="14302" started-at="2014-09-24T10:14:51Z" finished-at="2014-09-24T10:15:06Z">
      <class name="test.signuppage">
        <test-method status="PASS" signature="f()[pri:0, instance:test.signuppage@1a5d193]" name="f" duration-ms="11628" started-at="2014-09-24T15:44:51Z" finished-at="2014-09-24T15:45:03Z">
          <reporter-output>
          </reporter-output>
        </test-method> <!-- f -->
        <test-method status="PASS" signature="tear()[pri:0, instance:test.signuppage@1a5d193]" name="tear" is-config="true" duration-ms="2674" started-at="2014-09-24T15:45:03Z" finished-at="2014-09-24T15:45:06Z">
          <reporter-output>
          </reporter-output>
        </test-method> <!-- tear -->
      </class> <!-- test.signuppage -->
    </test> <!-- tests4 -->
    <test name="tests5" duration-ms="8554" started-at="2014-09-24T10:15:06Z" finished-at="2014-09-24T10:15:14Z">
      <class name="test.Slidingimages">
        <test-method status="PASS" signature="f()[pri:0, instance:test.Slidingimages@3f0860]" name="f" duration-ms="8554" started-at="2014-09-24T15:45:06Z" finished-at="2014-09-24T15:45:14Z">
          <reporter-output>
          </reporter-output>
        </test-method> <!-- f -->
      </class> <!-- test.Slidingimages -->
    </test> <!-- tests5 -->
    <test name="tests6" duration-ms="11117" started-at="2014-09-24T10:15:14Z" finished-at="2014-09-24T10:15:26Z">
      <class name="test.Stars">
        <test-method status="PASS" signature="init()[pri:0, instance:test.Stars@1c9313b]" name="init" is-config="true" duration-ms="11" started-at="2014-09-24T15:42:06Z" finished-at="2014-09-24T15:42:06Z">
          <reporter-output>
          </reporter-output>
        </test-method> <!-- init -->
        <test-method status="PASS" signature="f()[pri:0, instance:test.Stars@1c9313b]" name="f" duration-ms="11116" started-at="2014-09-24T15:45:14Z" finished-at="2014-09-24T15:45:26Z">
          <reporter-output>
          </reporter-output>
        </test-method> <!-- f -->
      </class> <!-- test.Stars -->
    </test> <!-- tests6 -->
  </suite> <!-- Suite1 -->
</testng-results>
